2017-10-21 10:58:00=>[parkout - INFO]: 发送请求
2017-10-21 10:58:00=>[parkout - INFO]:获取响应状态
2017-10-21 10:58:00=>[parkout - INFO]:获取响应值
2017-10-21 10:58:00=>[parkout - INFO]:对比响应结果
2017-10-21 10:58:00=>[parkout - INFO]: 发送请求
2017-10-21 10:58:00=>[parkout - INFO]:获取响应状态
2017-10-21 10:58:00=>[parkout - INFO]:获取响应值
2017-10-21 10:58:00=>[parkout - INFO]:对比响应结果
2017-10-21 10:58:00=>[parkout - INFO]: 发送请求
2017-10-21 10:58:00=>[parkout - INFO]:获取响应状态
2017-10-21 10:58:00=>[parkout - INFO]:获取响应值
2017-10-21 10:58:00=>[parkout - INFO]:对比响应结果
2017-10-21 10:58:50=>[parkout - INFO]: 发送请求
2017-10-21 10:58:50=>[parkout - INFO]:获取响应状态
2017-10-21 10:58:50=>[parkout - INFO]:获取响应值
2017-10-21 10:58:50=>[parkout - ERROR]:0.0 != 14
2017-10-21 10:58:50=>[parkout - INFO]: 发送请求
2017-10-21 10:58:50=>[parkout - INFO]:获取响应状态
2017-10-21 10:58:50=>[parkout - INFO]:获取响应值
2017-10-21 10:58:50=>[parkout - ERROR]:6.0 != 1
2017-10-21 10:58:50=>[parkout - INFO]: 发送请求
2017-10-21 10:58:50=>[parkout - INFO]:获取响应状态
2017-10-21 10:58:50=>[parkout - INFO]:获取响应值
2017-10-21 10:58:50=>[parkout - ERROR]:0.0 != 2
